13.6s 1 /kaggle/input/hotel-reservations-classification-dataset/Hotel Reservations.csv
14.0s 2 <class 'pandas.core.frame.DataFrame'>
14.0s 3 RangeIndex: 36275 entries, 0 to 36274
14.0s 4 Data columns (total 19 columns):
14.0s 5 #   Column                                Non-Null Count  Dtype
14.0s 6 ---  ------                                --------------  -----
14.0s 7 0   Booking_ID                            36275 non-null  object
14.0s 8 1   no_of_adults                          36275 non-null  int64
14.0s 9 2   no_of_children                        36275 non-null  int64
14.0s 10 3   no_of_weekend_nights                  36275 non-null  int64
14.0s 11 4   no_of_week_nights                     36275 non-null  int64
14.0s 12 5   type_of_meal_plan                     36275 non-null  object
14.0s 13 6   required_car_parking_space            36275 non-null  int64
14.0s 14 7   room_type_reserved                    36275 non-null  object
14.0s 15 8   lead_time                             36275 non-null  int64
14.0s 16 9   arrival_year                          36275 non-null  int64
14.0s 17 10  arrival_month                         36275 non-null  int64
14.0s 18 11  arrival_date                          36275 non-null  int64
14.0s 19 12  market_segment_type                   36275 non-null  object
14.0s 20 13  repeated_guest                        36275 non-null  int64
14.0s 21 14  no_of_previous_cancellations          36275 non-null  int64
14.0s 22 15  no_of_previous_bookings_not_canceled  36275 non-null  int64
14.0s 23 16  avg_price_per_room                    36275 non-null  float64
14.0s 24 17  no_of_special_requests                36275 non-null  int64
14.0s 25 18  booking_status                        36275 non-null  object
14.0s 26 dtypes: float64(1), int64(13), object(5)
14.0s 27 memory usage: 5.3+ MB
62.4s 28 /opt/conda/lib/python3.7/site-packages/seaborn/distributions.py:2619: FutureWarning: `distplot` is a deprecated function and will be removed in a future version. Please adapt your code to use either `displot` (a figure-level function with similar flexibility) or `histplot` (an axes-level function for histograms).
62.4s 29 warnings.warn(msg, FutureWarning)
62.8s 30 /opt/conda/lib/python3.7/site-packages/seaborn/distributions.py:2619: FutureWarning: `distplot` is a deprecated function and will be removed in a future version. Please adapt your code to use either `displot` (a figure-level function with similar flexibility) or `histplot` (an axes-level function for histograms).
62.8s 31 warnings.warn(msg, FutureWarning)
63.3s 32 /opt/conda/lib/python3.7/site-packages/seaborn/distributions.py:2619: FutureWarning: `distplot` is a deprecated function and will be removed in a future version. Please adapt your code to use either `displot` (a figure-level function with similar flexibility) or `histplot` (an axes-level function for histograms).
63.3s 33 warnings.warn(msg, FutureWarning)
63.8s 34 /opt/conda/lib/python3.7/site-packages/seaborn/distributions.py:2619: FutureWarning: `distplot` is a deprecated function and will be removed in a future version. Please adapt your code to use either `displot` (a figure-level function with similar flexibility) or `histplot` (an axes-level function for histograms).
63.8s 35 warnings.warn(msg, FutureWarning)
64.3s 36 /opt/conda/lib/python3.7/site-packages/seaborn/distributions.py:2619: FutureWarning: `distplot` is a deprecated function and will be removed in a future version. Please adapt your code to use either `displot` (a figure-level function with similar flexibility) or `histplot` (an axes-level function for histograms).
64.3s 37 warnings.warn(msg, FutureWarning)
64.8s 38 /opt/conda/lib/python3.7/site-packages/seaborn/distributions.py:2619: FutureWarning: `distplot` is a deprecated function and will be removed in a future version. Please adapt your code to use either `displot` (a figure-level function with similar flexibility) or `histplot` (an axes-level function for histograms).
64.8s 39 warnings.warn(msg, FutureWarning)
65.3s 40 /opt/conda/lib/python3.7/site-packages/seaborn/distributions.py:2619: FutureWarning: `distplot` is a deprecated function and will be removed in a future version. Please adapt your code to use either `displot` (a figure-level function with similar flexibility) or `histplot` (an axes-level function for histograms).
65.3s 41 warnings.warn(msg, FutureWarning)
65.7s 42 /opt/conda/lib/python3.7/site-packages/seaborn/distributions.py:2619: FutureWarning: `distplot` is a deprecated function and will be removed in a future version. Please adapt your code to use either `displot` (a figure-level function with similar flexibility) or `histplot` (an axes-level function for histograms).
65.7s 43 warnings.warn(msg, FutureWarning)
66.2s 44 /opt/conda/lib/python3.7/site-packages/seaborn/distributions.py:2619: FutureWarning: `distplot` is a deprecated function and will be removed in a future version. Please adapt your code to use either `displot` (a figure-level function with similar flexibility) or `histplot` (an axes-level function for histograms).
66.2s 45 warnings.warn(msg, FutureWarning)
66.7s 46 /opt/conda/lib/python3.7/site-packages/seaborn/distributions.py:2619: FutureWarning: `distplot` is a deprecated function and will be removed in a future version. Please adapt your code to use either `displot` (a figure-level function with similar flexibility) or `histplot` (an axes-level function for histograms).
66.7s 47 warnings.warn(msg, FutureWarning)
67.2s 48 /opt/conda/lib/python3.7/site-packages/seaborn/distributions.py:2619: FutureWarning: `distplot` is a deprecated function and will be removed in a future version. Please adapt your code to use either `displot` (a figure-level function with similar flexibility) or `histplot` (an axes-level function for histograms).
67.2s 49 warnings.warn(msg, FutureWarning)
67.7s 50 /opt/conda/lib/python3.7/site-packages/seaborn/distributions.py:2619: FutureWarning: `distplot` is a deprecated function and will be removed in a future version. Please adapt your code to use either `displot` (a figure-level function with similar flexibility) or `histplot` (an axes-level function for histograms).
67.7s 51 warnings.warn(msg, FutureWarning)
68.2s 52 /opt/conda/lib/python3.7/site-packages/seaborn/distributions.py:2619: FutureWarning: `distplot` is a deprecated function and will be removed in a future version. Please adapt your code to use either `displot` (a figure-level function with similar flexibility) or `histplot` (an axes-level function for histograms).
68.2s 53 warnings.warn(msg, FutureWarning)
68.8s 54 /opt/conda/lib/python3.7/site-packages/seaborn/distributions.py:2619: FutureWarning: `distplot` is a deprecated function and will be removed in a future version. Please adapt your code to use either `displot` (a figure-level function with similar flexibility) or `histplot` (an axes-level function for histograms).
68.8s 55 warnings.warn(msg, FutureWarning)
71.3s 56 <class 'pandas.core.frame.DataFrame'>
71.3s 57 RangeIndex: 36275 entries, 0 to 36274
71.3s 58 Data columns (total 25 columns):
71.3s 59 #   Column                                Non-Null Count  Dtype
71.3s 60 ---  ------                                --------------  -----
71.3s 61 0   Room_Type 1                           36275 non-null  uint8
71.3s 62 1   Room_Type 2                           36275 non-null  uint8
71.3s 63 2   Room_Type 4                           36275 non-null  uint8
71.3s 64 3   Room_Type 6                           36275 non-null  uint8
71.3s 65 4   room_type_reserved_other              36275 non-null  uint8
71.3s 66 5   Corporate                             36275 non-null  uint8
71.3s 67 6   Offline                               36275 non-null  uint8
71.3s 68 7   Online                                36275 non-null  uint8
71.3s 69 8   market_segment_type_other             36275 non-null  uint8
71.3s 70 9   type_of_meal_plan                     36275 non-null  object
71.3s 71 10  booking_status                        36275 non-null  object
71.3s 72 11  no_of_adults                          36275 non-null  float64
71.3s 73 12  no_of_children                        36275 non-null  float64
71.3s 74 13  no_of_weekend_nights                  36275 non-null  float64
71.3s 75 14  no_of_week_nights                     36275 non-null  float64
71.3s 76 15  required_car_parking_space            36275 non-null  float64
71.3s 77 16  lead_time                             36275 non-null  float64
71.3s 78 17  arrival_year                          36275 non-null  float64
71.3s 79 18  arrival_month                         36275 non-null  float64
71.3s 80 19  arrival_date                          36275 non-null  float64
71.3s 81 20  repeated_guest                        36275 non-null  float64
71.3s 82 21  no_of_previous_cancellations          36275 non-null  float64
71.3s 83 22  no_of_previous_bookings_not_canceled  36275 non-null  float64
71.3s 84 23  avg_price_per_room                    36275 non-null  float64
71.3s 85 24  no_of_special_requests                36275 non-null  float64
71.3s 86 dtypes: float64(14), object(2), uint8(9)
71.3s 87 memory usage: 4.7+ MB
72.3s 88 <class 'pandas.core.frame.DataFrame'>
72.3s 89 RangeIndex: 36275 entries, 0 to 36274
72.3s 90 Data columns (total 27 columns):
72.3s 91 #   Column                                Non-Null Count  Dtype
72.3s 92 ---  ------                                --------------  -----
72.3s 93 0   Room_Type 1                           36275 non-null  uint8
72.3s 94 1   Room_Type 2                           36275 non-null  uint8
72.3s 95 2   Room_Type 4                           36275 non-null  uint8
72.3s 96 3   Room_Type 6                           36275 non-null  uint8
72.3s 97 4   room_type_reserved_other              36275 non-null  uint8
72.3s 98 5   Corporate                             36275 non-null  uint8
72.3s 99 6   Offline                               36275 non-null  uint8
72.3s 100 7   Online                                36275 non-null  uint8
72.3s 101 8   market_segment_type_other             36275 non-null  uint8
72.3s 102 9   no_of_adults                          36275 non-null  float64
72.3s 103 10  no_of_children                        36275 non-null  float64
72.3s 104 11  no_of_weekend_nights                  36275 non-null  float64
72.3s 105 12  no_of_week_nights                     36275 non-null  float64
72.3s 106 13  required_car_parking_space            36275 non-null  float64
72.3s 107 14  lead_time                             36275 non-null  float64
72.3s 108 15  arrival_year                          36275 non-null  float64
72.3s 109 16  arrival_month                         36275 non-null  float64
72.3s 110 17  arrival_date                          36275 non-null  float64
72.3s 111 18  repeated_guest                        36275 non-null  float64
72.3s 112 19  no_of_previous_cancellations          36275 non-null  float64
72.3s 113 20  no_of_previous_bookings_not_canceled  36275 non-null  float64
72.3s 114 21  avg_price_per_room                    36275 non-null  float64
72.3s 115 22  no_of_special_requests                36275 non-null  float64
72.3s 116 23  type_of_meal_plan_Meal Plan 2         36275 non-null  int64
72.3s 117 24  type_of_meal_plan_Meal Plan 3         36275 non-null  int64
72.3s 118 25  type_of_meal_plan_Not Selected        36275 non-null  int64
72.3s 119 26  booking_status_Not_Canceled           36275 non-null  int64
72.3s 120 dtypes: float64(14), int64(4), uint8(9)
72.3s 121 memory usage: 5.3 MB
77.4s 122 [4.29108565e-01 1.09786706e-01 9.78995595e-02 6.91984202e-02
77.4s 123 5.14687544e-02 4.25873166e-02 3.95916449e-02 3.38706704e-02
77.4s 124 2.76334213e-02 2.14955128e-02 1.74296537e-02 1.43590478e-02
77.4s 125 1.34824452e-02 8.91525649e-03 6.00587343e-03 4.73980063e-03
77.4s 126 2.97201343e-03 2.68117971e-03 2.48993233e-03 2.06169668e-03
77.4s 127 1.57148075e-03 6.24856569e-04 2.61873821e-05 5.08293914e-09
77.4s 128 2.41396377e-31 6.57006580e-32]
81.2s 129 precision    recall  f1-score   support
81.2s 130 
81.2s 131 0       0.80      0.74      0.77      2408
81.2s 132 1       0.88      0.91      0.89      4847
81.2s 133 
81.2s 134 accuracy                           0.85      7255
81.2s 135 macro avg       0.84      0.82      0.83      7255
81.2s 136 weighted avg       0.85      0.85      0.85      7255
81.2s 137 
81.5s 138 precision    recall  f1-score   support
81.5s 139 
81.5s 140 0       0.71      0.60      0.65      2408
81.5s 141 1       0.82      0.88      0.85      4847
81.5s 142 
81.5s 143 accuracy                           0.79      7255
81.5s 144 macro avg       0.76      0.74      0.75      7255
81.5s 145 weighted avg       0.78      0.79      0.78      7255
81.5s 146 
81.8s 147 precision    recall  f1-score   support
81.8s 148 
81.8s 149 0       0.58      0.70      0.63      2408
81.8s 150 1       0.83      0.74      0.79      4847
81.8s 151 
81.8s 152 accuracy                           0.73      7255
81.8s 153 macro avg       0.70      0.72      0.71      7255
81.8s 154 weighted avg       0.75      0.73      0.73      7255
81.8s 155 
86.9s 156 /opt/conda/lib/python3.7/site-packages/traitlets/traitlets.py:2758: FutureWarning: --Exporter.preprocessors=["remove_papermill_header.RemovePapermillHeader"] for containers is deprecated in traitlets 5.0. You can pass `--Exporter.preprocessors item` ... multiple times to add items to a list.
86.9s 157 FutureWarning,
86.9s 158 [NbConvertApp] Converting notebook __notebook__.ipynb to notebook
87.3s 159 [NbConvertApp] Writing 1944131 bytes to __notebook__.ipynb
90.0s 160 /opt/conda/lib/python3.7/site-packages/traitlets/traitlets.py:2758: FutureWarning: --Exporter.preprocessors=["nbconvert.preprocessors.ExtractOutputPreprocessor"] for containers is deprecated in traitlets 5.0. You can pass `--Exporter.preprocessors item` ... multiple times to add items to a list.
90.0s 161 FutureWarning,
90.0s 162 [NbConvertApp] Converting notebook __notebook__.ipynb to html
90.9s 163 [NbConvertApp] Support files will be in __results___files/
90.9s 164 [NbConvertApp] Making directory __results___files
91.0s 165 [NbConvertApp] Making directory __results___files
91.0s 166 [NbConvertApp] Making directory __results___files
91.0s 167 [NbConvertApp] Making directory __results___files
91.0s 168 [NbConvertApp] Making directory __results___files
91.0s 169 [NbConvertApp] Making directory __results___files
91.0s 170 [NbConvertApp] Making directory __results___files
91.0s 171 [NbConvertApp] Making directory __results___files
91.0s 172 [NbConvertApp] Making directory __results___files
91.0s 173 [NbConvertApp] Making directory __results___files
91.0s 174 [NbConvertApp] Making directory __results___files
91.0s 175 [NbConvertApp] Making directory __results___files
91.0s 176 [NbConvertApp] Making directory __results___files
91.0s 177 [NbConvertApp] Making directory __results___files
91.0s 178 [NbConvertApp] Making directory __results___files
91.0s 179 [NbConvertApp] Making directory __results___files
91.0s 180 [NbConvertApp] Making directory __results___files
91.0s 181 [NbConvertApp] Making directory __results___files
91.0s 182 [NbConvertApp] Making directory __results___files
91.0s 183 [NbConvertApp] Making directory __results___files
91.0s 184 [NbConvertApp] Making directory __results___files
91.0s 185 [NbConvertApp] Making directory __results___files
91.0s 186 [NbConvertApp] Writing 375528 bytes to __results__.html