11.5s 1 /kaggle/input/hotel-reservations-classification-dataset/Hotel Reservations.csv
12.0s 2 <class 'pandas.core.frame.DataFrame'>
12.0s 3 RangeIndex: 36275 entries, 0 to 36274
12.0s 4 Data columns (total 18 columns):
12.0s 5 #   Column                                Non-Null Count  Dtype
12.0s 6 ---  ------                                --------------  -----
12.0s 7 0   no_of_adults                          36275 non-null  int64
12.0s 8 1   no_of_children                        36275 non-null  int64
12.0s 9 2   no_of_weekend_nights                  36275 non-null  int64
12.0s 10 3   no_of_week_nights                     36275 non-null  int64
12.0s 11 4   type_of_meal_plan                     36275 non-null  object
12.0s 12 5   required_car_parking_space            36275 non-null  int64
12.0s 13 6   room_type_reserved                    36275 non-null  object
12.0s 14 7   lead_time                             36275 non-null  int64
12.0s 15 8   arrival_year                          36275 non-null  int64
12.0s 16 9   arrival_month                         36275 non-null  int64
12.0s 17 10  arrival_date                          36275 non-null  int64
12.0s 18 11  market_segment_type                   36275 non-null  object
12.0s 19 12  repeated_guest                        36275 non-null  int64
12.0s 20 13  no_of_previous_cancellations          36275 non-null  int64
12.0s 21 14  no_of_previous_bookings_not_canceled  36275 non-null  int64
12.0s 22 15  avg_price_per_room                    36275 non-null  float64
12.0s 23 16  no_of_special_requests                36275 non-null  int64
12.0s 24 17  booking_status                        36275 non-null  object
12.0s 25 dtypes: float64(1), int64(13), object(4)
12.0s 26 memory usage: 5.0+ MB
12.5s 27 <class 'pandas.core.frame.DataFrame'>
12.5s 28 RangeIndex: 36275 entries, 0 to 36274
12.5s 29 Data columns (total 28 columns):
12.5s 30 #   Column  Non-Null Count  Dtype
12.5s 31 ---  ------  --------------  -----
12.5s 32 0   0       36275 non-null  float64
12.5s 33 1   1       36275 non-null  float64
12.5s 34 2   2       36275 non-null  float64
12.5s 35 3   3       36275 non-null  float64
12.5s 36 4   4       36275 non-null  float64
12.5s 37 5   5       36275 non-null  float64
12.5s 38 6   6       36275 non-null  float64
12.5s 39 7   7       36275 non-null  float64
12.5s 40 8   8       36275 non-null  float64
12.5s 41 9   9       36275 non-null  float64
12.5s 42 10  10      36275 non-null  float64
12.5s 43 11  11      36275 non-null  float64
12.5s 44 12  12      36275 non-null  float64
12.5s 45 13  13      36275 non-null  float64
12.5s 46 14  14      36275 non-null  float64
12.5s 47 15  15      36275 non-null  float64
12.5s 48 16  16      36275 non-null  float64
12.5s 49 17  17      36275 non-null  float64
12.5s 50 18  18      36275 non-null  float64
12.5s 51 19  19      36275 non-null  float64
12.5s 52 20  20      36275 non-null  float64
12.5s 53 21  21      36275 non-null  float64
12.5s 54 22  22      36275 non-null  float64
12.5s 55 23  23      36275 non-null  float64
12.5s 56 24  24      36275 non-null  float64
12.5s 57 25  25      36275 non-null  float64
12.5s 58 26  26      36275 non-null  float64
12.5s 59 27  27      36275 non-null  float64
12.5s 60 dtypes: float64(28)
12.5s 61 memory usage: 7.7 MB
18.2s 62 /opt/conda/lib/python3.7/site-packages/sklearn/linear_model/_logistic.py:818: ConvergenceWarning: lbfgs failed to converge (status=1):
18.2s 63 STOP: TOTAL NO. of ITERATIONS REACHED LIMIT.
18.2s 64 
18.2s 65 Increase the number of iterations (max_iter) or scale the data as shown in:
18.2s 66 https://scikit-learn.org/stable/modules/preprocessing.html
18.2s 67 Please also refer to the documentation for alternative solver options:
18.2s 68 https://scikit-learn.org/stable/modules/linear_model.html#logistic-regression
18.2s 69 extra_warning_msg=_LOGISTIC_SOLVER_CONVERGENCE_MSG,
22.9s 70 precision    recall  f1-score   support
22.9s 71 
22.9s 72 0.0       0.73      0.65      0.69      2382
22.9s 73 1.0       0.84      0.88      0.86      4873
22.9s 74 
22.9s 75 accuracy                           0.81      7255
22.9s 76 macro avg       0.78      0.77      0.77      7255
22.9s 77 weighted avg       0.80      0.81      0.80      7255
22.9s 78 
22.9s 79 precision    recall  f1-score   support
22.9s 80 
22.9s 81 0.0       0.72      0.59      0.65      2382
22.9s 82 1.0       0.82      0.89      0.85      4873
22.9s 83 
22.9s 84 accuracy                           0.79      7255
22.9s 85 macro avg       0.77      0.74      0.75      7255
22.9s 86 weighted avg       0.78      0.79      0.78      7255
22.9s 87 
23.0s 88 precision    recall  f1-score   support
23.0s 89 
23.0s 90 0.0       0.36      0.97      0.52      2382
23.0s 91 1.0       0.90      0.16      0.27      4873
23.0s 92 
23.0s 93 accuracy                           0.42      7255
23.0s 94 macro avg       0.63      0.56      0.40      7255
23.0s 95 weighted avg       0.73      0.42      0.35      7255
23.0s 96 
26.7s 97 /opt/conda/lib/python3.7/site-packages/traitlets/traitlets.py:2758: FutureWarning: --Exporter.preprocessors=["remove_papermill_header.RemovePapermillHeader"] for containers is deprecated in traitlets 5.0. You can pass `--Exporter.preprocessors item` ... multiple times to add items to a list.
26.7s 98 FutureWarning,
26.7s 99 [NbConvertApp] Converting notebook __notebook__.ipynb to notebook
27.0s 100 [NbConvertApp] Writing 85115 bytes to __notebook__.ipynb
29.4s 101 /opt/conda/lib/python3.7/site-packages/traitlets/traitlets.py:2758: FutureWarning: --Exporter.preprocessors=["nbconvert.preprocessors.ExtractOutputPreprocessor"] for containers is deprecated in traitlets 5.0. You can pass `--Exporter.preprocessors item` ... multiple times to add items to a list.
29.4s 102 FutureWarning,
29.4s 103 [NbConvertApp] Converting notebook __notebook__.ipynb to html
30.2s 104 [NbConvertApp] Writing 333184 bytes to __results__.html