14.0s 1 /kaggle/input/hotel-reservations-classification-dataset/Hotel Reservations.csv
14.4s 2 <class 'pandas.core.frame.DataFrame'>
14.4s 3 RangeIndex: 36275 entries, 0 to 36274
14.4s 4 Data columns (total 19 columns):
14.4s 5 #   Column                                Non-Null Count  Dtype
14.4s 6 ---  ------                                --------------  -----
14.4s 7 0   Booking_ID                            36275 non-null  object
14.4s 8 1   no_of_adults                          36275 non-null  int64
14.4s 9 2   no_of_children                        36275 non-null  int64
14.4s 10 3   no_of_weekend_nights                  36275 non-null  int64
14.4s 11 4   no_of_week_nights                     36275 non-null  int64
14.4s 12 5   type_of_meal_plan                     36275 non-null  object
14.4s 13 6   required_car_parking_space            36275 non-null  int64
14.4s 14 7   room_type_reserved                    36275 non-null  object
14.4s 15 8   lead_time                             36275 non-null  int64
14.4s 16 9   arrival_year                          36275 non-null  int64
14.4s 17 10  arrival_month                         36275 non-null  int64
14.4s 18 11  arrival_date                          36275 non-null  int64
14.4s 19 12  market_segment_type                   36275 non-null  object
14.4s 20 13  repeated_guest                        36275 non-null  int64
14.4s 21 14  no_of_previous_cancellations          36275 non-null  int64
14.4s 22 15  no_of_previous_bookings_not_canceled  36275 non-null  int64
14.4s 23 16  avg_price_per_room                    36275 non-null  float64
14.4s 24 17  no_of_special_requests                36275 non-null  int64
14.4s 25 18  booking_status                        36275 non-null  object
14.4s 26 dtypes: float64(1), int64(13), object(5)
14.4s 27 memory usage: 5.3+ MB
66.8s 28 /opt/conda/lib/python3.7/site-packages/seaborn/distributions.py:2619: FutureWarning: `distplot` is a deprecated function and will be removed in a future version. Please adapt your code to use either `displot` (a figure-level function with similar flexibility) or `histplot` (an axes-level function for histograms).
66.8s 29 warnings.warn(msg, FutureWarning)
67.3s 30 /opt/conda/lib/python3.7/site-packages/seaborn/distributions.py:2619: FutureWarning: `distplot` is a deprecated function and will be removed in a future version. Please adapt your code to use either `displot` (a figure-level function with similar flexibility) or `histplot` (an axes-level function for histograms).
67.3s 31 warnings.warn(msg, FutureWarning)
67.9s 32 /opt/conda/lib/python3.7/site-packages/seaborn/distributions.py:2619: FutureWarning: `distplot` is a deprecated function and will be removed in a future version. Please adapt your code to use either `displot` (a figure-level function with similar flexibility) or `histplot` (an axes-level function for histograms).
67.9s 33 warnings.warn(msg, FutureWarning)
68.3s 34 /opt/conda/lib/python3.7/site-packages/seaborn/distributions.py:2619: FutureWarning: `distplot` is a deprecated function and will be removed in a future version. Please adapt your code to use either `displot` (a figure-level function with similar flexibility) or `histplot` (an axes-level function for histograms).
68.3s 35 warnings.warn(msg, FutureWarning)
68.8s 36 /opt/conda/lib/python3.7/site-packages/seaborn/distributions.py:2619: FutureWarning: `distplot` is a deprecated function and will be removed in a future version. Please adapt your code to use either `displot` (a figure-level function with similar flexibility) or `histplot` (an axes-level function for histograms).
68.8s 37 warnings.warn(msg, FutureWarning)
69.2s 38 /opt/conda/lib/python3.7/site-packages/seaborn/distributions.py:2619: FutureWarning: `distplot` is a deprecated function and will be removed in a future version. Please adapt your code to use either `displot` (a figure-level function with similar flexibility) or `histplot` (an axes-level function for histograms).
69.2s 39 warnings.warn(msg, FutureWarning)
69.6s 40 /opt/conda/lib/python3.7/site-packages/seaborn/distributions.py:2619: FutureWarning: `distplot` is a deprecated function and will be removed in a future version. Please adapt your code to use either `displot` (a figure-level function with similar flexibility) or `histplot` (an axes-level function for histograms).
69.6s 41 warnings.warn(msg, FutureWarning)
70.1s 42 /opt/conda/lib/python3.7/site-packages/seaborn/distributions.py:2619: FutureWarning: `distplot` is a deprecated function and will be removed in a future version. Please adapt your code to use either `displot` (a figure-level function with similar flexibility) or `histplot` (an axes-level function for histograms).
70.1s 43 warnings.warn(msg, FutureWarning)
70.6s 44 /opt/conda/lib/python3.7/site-packages/seaborn/distributions.py:2619: FutureWarning: `distplot` is a deprecated function and will be removed in a future version. Please adapt your code to use either `displot` (a figure-level function with similar flexibility) or `histplot` (an axes-level function for histograms).
70.6s 45 warnings.warn(msg, FutureWarning)
71.0s 46 /opt/conda/lib/python3.7/site-packages/seaborn/distributions.py:2619: FutureWarning: `distplot` is a deprecated function and will be removed in a future version. Please adapt your code to use either `displot` (a figure-level function with similar flexibility) or `histplot` (an axes-level function for histograms).
71.0s 47 warnings.warn(msg, FutureWarning)
71.5s 48 /opt/conda/lib/python3.7/site-packages/seaborn/distributions.py:2619: FutureWarning: `distplot` is a deprecated function and will be removed in a future version. Please adapt your code to use either `displot` (a figure-level function with similar flexibility) or `histplot` (an axes-level function for histograms).
71.5s 49 warnings.warn(msg, FutureWarning)
72.0s 50 /opt/conda/lib/python3.7/site-packages/seaborn/distributions.py:2619: FutureWarning: `distplot` is a deprecated function and will be removed in a future version. Please adapt your code to use either `displot` (a figure-level function with similar flexibility) or `histplot` (an axes-level function for histograms).
72.0s 51 warnings.warn(msg, FutureWarning)
72.5s 52 /opt/conda/lib/python3.7/site-packages/seaborn/distributions.py:2619: FutureWarning: `distplot` is a deprecated function and will be removed in a future version. Please adapt your code to use either `displot` (a figure-level function with similar flexibility) or `histplot` (an axes-level function for histograms).
72.5s 53 warnings.warn(msg, FutureWarning)
72.9s 54 /opt/conda/lib/python3.7/site-packages/seaborn/distributions.py:2619: FutureWarning: `distplot` is a deprecated function and will be removed in a future version. Please adapt your code to use either `displot` (a figure-level function with similar flexibility) or `histplot` (an axes-level function for histograms).
72.9s 55 warnings.warn(msg, FutureWarning)
75.5s 56 <class 'pandas.core.frame.DataFrame'>
75.5s 57 RangeIndex: 36275 entries, 0 to 36274
75.5s 58 Data columns (total 25 columns):
75.5s 59 #   Column                                Non-Null Count  Dtype
75.5s 60 ---  ------                                --------------  -----
75.5s 61 0   Room_Type 1                           36275 non-null  uint8
75.5s 62 1   Room_Type 2                           36275 non-null  uint8
75.5s 63 2   Room_Type 4                           36275 non-null  uint8
75.5s 64 3   Room_Type 6                           36275 non-null  uint8
75.5s 65 4   room_type_reserved_other              36275 non-null  uint8
75.5s 66 5   Corporate                             36275 non-null  uint8
75.5s 67 6   Offline                               36275 non-null  uint8
75.5s 68 7   Online                                36275 non-null  uint8
75.5s 69 8   market_segment_type_other             36275 non-null  uint8
75.5s 70 9   type_of_meal_plan                     36275 non-null  object
75.5s 71 10  booking_status                        36275 non-null  object
75.5s 72 11  no_of_adults                          36275 non-null  float64
75.5s 73 12  no_of_children                        36275 non-null  float64
75.5s 74 13  no_of_weekend_nights                  36275 non-null  float64
75.5s 75 14  no_of_week_nights                     36275 non-null  float64
75.5s 76 15  required_car_parking_space            36275 non-null  float64
75.5s 77 16  lead_time                             36275 non-null  float64
75.5s 78 17  arrival_year                          36275 non-null  float64
75.5s 79 18  arrival_month                         36275 non-null  float64
75.5s 80 19  arrival_date                          36275 non-null  float64
75.5s 81 20  repeated_guest                        36275 non-null  float64
75.5s 82 21  no_of_previous_cancellations          36275 non-null  float64
75.5s 83 22  no_of_previous_bookings_not_canceled  36275 non-null  float64
75.5s 84 23  avg_price_per_room                    36275 non-null  float64
75.5s 85 24  no_of_special_requests                36275 non-null  float64
75.5s 86 dtypes: float64(14), object(2), uint8(9)
75.5s 87 memory usage: 4.7+ MB
76.6s 88 <class 'pandas.core.frame.DataFrame'>
76.6s 89 RangeIndex: 36275 entries, 0 to 36274
76.6s 90 Data columns (total 27 columns):
76.6s 91 #   Column                                Non-Null Count  Dtype
76.6s 92 ---  ------                                --------------  -----
76.6s 93 0   Room_Type 1                           36275 non-null  uint8
76.6s 94 1   Room_Type 2                           36275 non-null  uint8
76.6s 95 2   Room_Type 4                           36275 non-null  uint8
76.6s 96 3   Room_Type 6                           36275 non-null  uint8
76.6s 97 4   room_type_reserved_other              36275 non-null  uint8
76.6s 98 5   Corporate                             36275 non-null  uint8
76.6s 99 6   Offline                               36275 non-null  uint8
76.6s 100 7   Online                                36275 non-null  uint8
76.6s 101 8   market_segment_type_other             36275 non-null  uint8
76.6s 102 9   no_of_adults                          36275 non-null  float64
76.6s 103 10  no_of_children                        36275 non-null  float64
76.6s 104 11  no_of_weekend_nights                  36275 non-null  float64
76.6s 105 12  no_of_week_nights                     36275 non-null  float64
76.6s 106 13  required_car_parking_space            36275 non-null  float64
76.6s 107 14  lead_time                             36275 non-null  float64
76.6s 108 15  arrival_year                          36275 non-null  float64
76.6s 109 16  arrival_month                         36275 non-null  float64
76.6s 110 17  arrival_date                          36275 non-null  float64
76.6s 111 18  repeated_guest                        36275 non-null  float64
76.6s 112 19  no_of_previous_cancellations          36275 non-null  float64
76.6s 113 20  no_of_previous_bookings_not_canceled  36275 non-null  float64
76.6s 114 21  avg_price_per_room                    36275 non-null  float64
76.6s 115 22  no_of_special_requests                36275 non-null  float64
76.6s 116 23  type_of_meal_plan_Meal Plan 2         36275 non-null  int64
76.6s 117 24  type_of_meal_plan_Meal Plan 3         36275 non-null  int64
76.6s 118 25  type_of_meal_plan_Not Selected        36275 non-null  int64
76.6s 119 26  booking_status_Not_Canceled           36275 non-null  int64
76.6s 120 dtypes: float64(14), int64(4), uint8(9)
76.6s 121 memory usage: 5.3 MB
82.1s 122 [4.28448097e-01 1.09932452e-01 9.76426968e-02 6.91114910e-02
82.1s 123 5.16556082e-02 4.26743164e-02 3.95412876e-02 3.43697231e-02
82.1s 124 2.79659554e-02 2.12067651e-02 1.75009193e-02 1.44640622e-02
82.1s 125 1.35673583e-02 8.90290127e-03 6.05123235e-03 4.64082159e-03
82.1s 126 2.99118206e-03 2.70575238e-03 2.48598400e-03 1.94824067e-03
82.1s 127 1.55024167e-03 6.10239779e-04 3.26663218e-05 5.10845005e-09
82.1s 128 2.19270126e-31 6.42876006e-32]
86.3s 129 precision    recall  f1-score   support
86.3s 130 
86.3s 131 0       0.79      0.73      0.76      2371
86.3s 132 1       0.87      0.91      0.89      4884
86.3s 133 
86.3s 134 accuracy                           0.85      7255
86.3s 135 macro avg       0.83      0.82      0.83      7255
86.3s 136 weighted avg       0.85      0.85      0.85      7255
86.3s 137 
86.7s 138 precision    recall  f1-score   support
86.7s 139 
86.7s 140 0       0.72      0.60      0.65      2371
86.7s 141 1       0.82      0.88      0.85      4884
86.7s 142 
86.7s 143 accuracy                           0.79      7255
86.7s 144 macro avg       0.77      0.74      0.75      7255
86.7s 145 weighted avg       0.79      0.79      0.79      7255
86.7s 146 
87.0s 147 precision    recall  f1-score   support
87.0s 148 
87.0s 149 0       0.58      0.69      0.63      2371
87.0s 150 1       0.83      0.75      0.79      4884
87.0s 151 
87.0s 152 accuracy                           0.73      7255
87.0s 153 macro avg       0.70      0.72      0.71      7255
87.0s 154 weighted avg       0.75      0.73      0.74      7255
87.0s 155 
97.2s 156 precision    recall  f1-score   support
97.2s 157 
97.2s 158 0       0.82      0.66      0.73      2371
97.2s 159 1       0.85      0.93      0.89      4884
97.2s 160 
97.2s 161 accuracy                           0.84      7255
97.2s 162 macro avg       0.84      0.80      0.81      7255
97.2s 163 weighted avg       0.84      0.84      0.84      7255
97.2s 164 
103.3s 165 /opt/conda/lib/python3.7/site-packages/traitlets/traitlets.py:2758: FutureWarning: --Exporter.preprocessors=["remove_papermill_header.RemovePapermillHeader"] for containers is deprecated in traitlets 5.0. You can pass `--Exporter.preprocessors item` ... multiple times to add items to a list.
103.3s 166 FutureWarning,
103.3s 167 [NbConvertApp] Converting notebook __notebook__.ipynb to notebook
103.7s 168 [NbConvertApp] Writing 1942595 bytes to __notebook__.ipynb
106.5s 169 /opt/conda/lib/python3.7/site-packages/traitlets/traitlets.py:2758: FutureWarning: --Exporter.preprocessors=["nbconvert.preprocessors.ExtractOutputPreprocessor"] for containers is deprecated in traitlets 5.0. You can pass `--Exporter.preprocessors item` ... multiple times to add items to a list.
106.5s 170 FutureWarning,
106.5s 171 [NbConvertApp] Converting notebook __notebook__.ipynb to html
107.5s 172 [NbConvertApp] Support files will be in __results___files/
107.5s 173 [NbConvertApp] Making directory __results___files
107.5s 174 [NbConvertApp] Making directory __results___files
107.5s 175 [NbConvertApp] Making directory __results___files
107.5s 176 [NbConvertApp] Making directory __results___files
107.5s 177 [NbConvertApp] Making directory __results___files
107.5s 178 [NbConvertApp] Making directory __results___files
107.5s 179 [NbConvertApp] Making directory __results___files
107.5s 180 [NbConvertApp] Making directory __results___files
107.5s 181 [NbConvertApp] Making directory __results___files
107.5s 182 [NbConvertApp] Making directory __results___files
107.5s 183 [NbConvertApp] Making directory __results___files
107.5s 184 [NbConvertApp] Making directory __results___files
107.5s 185 [NbConvertApp] Making directory __results___files
107.5s 186 [NbConvertApp] Making directory __results___files
107.5s 187 [NbConvertApp] Making directory __results___files
107.5s 188 [NbConvertApp] Making directory __results___files
107.5s 189 [NbConvertApp] Making directory __results___files
107.5s 190 [NbConvertApp] Making directory __results___files
107.5s 191 [NbConvertApp] Making directory __results___files
107.5s 192 [NbConvertApp] Making directory __results___files
107.5s 193 [NbConvertApp] Making directory __results___files
107.5s 194 [NbConvertApp] Making directory __results___files
107.5s 195 [NbConvertApp] Writing 377324 bytes to __results__.html